<?xml version="1.0" encoding="UTF-8"?>
<!-- Generated by org.testng.reporters.JUnitReportReporter -->
<testsuite hostname="SSANDPC1ATKW9" failures="0" tests="1" name="testScripts.Test1" time="1.562" errors="0" timestamp="2021-04-26T01:17:39 IST" skipped="0">
  <testcase classname="testScripts.Test1" name="test1" time="1.562"/>
  <system-out/>
</testsuite> <!-- testScripts.Test1 -->
