<?xml version="1.0" encoding="UTF-8"?>
<!-- Generated by org.testng.reporters.JUnitReportReporter -->
<testsuite hostname="SSANDPC1ATKW9" failures="0" tests="1" name="testScripts.Automobile.AutomobilePage" time="1.831" errors="0" timestamp="2021-04-29T20:15:39 IST" skipped="0">
  <testcase classname="testScripts.Automobile.AutomobilePage" name="testCount" time="1.831"/>
  <system-out/>
</testsuite> <!-- testScripts.Automobile.AutomobilePage -->
