<?xml version="1.0" encoding="UTF-8"?>
<!-- Generated by org.testng.reporters.JUnitReportReporter -->
<testsuite hostname="SSANDPC1ATKW9" failures="0" tests="4" name="testScripts.Home.TC_HomePage_Validation" time="8.354" errors="0" timestamp="2021-04-27T16:54:52 IST" skipped="0">
  <testcase classname="testScripts.Home.TC_HomePage_Validation" name="testAutomobileLink" time="4.391"/>
  <system-out/>
  <testcase classname="testScripts.Home.TC_HomePage_Validation" name="testTruckLink" time="0.857"/>
  <system-out/>
  <testcase classname="testScripts.Home.TC_HomePage_Validation" name="testMotorCycleLink" time="2.755"/>
  <system-out/>
  <testcase classname="testScripts.Home.TC_HomePage_Validation" name="testCamperLink" time="0.351"/>
  <system-out/>
</testsuite> <!-- testScripts.Home.TC_HomePage_Validation -->
