<?xml version="1.0" encoding="UTF-8"?>
<!-- Generated by org.testng.reporters.JUnitReportReporter -->
<testsuite hostname="SSANDPC1ATKW9" failures="0" tests="1" name="testing.CaptureScreenshot" time="3.232" errors="0" timestamp="2021-04-27T15:02:49 IST" skipped="0">
  <testcase classname="testing.CaptureScreenshot" name="captureScreenshot" time="3.232"/>
  <system-out/>
</testsuite> <!-- testing.CaptureScreenshot -->
